<?xml version="1.0" encoding="UTF-8"?>
<!-- Generated by org.testng.reporters.JUnitXMLReporter -->
<testsuite ignored="0" hostname="Koushik" failures="1" tests="6" name="login" time="34.371" errors="0" timestamp="2026-02-05T15:38:43 IST">
  <testcase classname="TestPackage.login" name="login" time="4.833"/>
  <testcase classname="TestPackage.login" name="login" time="3.927">
    <failure type="java.lang.AssertionError" message="expected [https://www.saucedemo.com/inventory.html] but found [https://www.saucedemo.com/]">
      <![CDATA[java.lang.AssertionError: expected [https://www.saucedemo.com/inventory.html] but found [https://www.saucedemo.com/]
at TestPackage.login.login(login.java:24)
at java.base/java.util.ArrayList.forEach(ArrayList.java:1596)
at java.base/java.util.concurrent.FutureTask.run(FutureTask.java:317)
at java.base/java.util.concurrent.ThreadPoolExecutor.runWorker(ThreadPoolExecutor.java:1144)
at java.base/java.util.concurrent.ThreadPoolExecutor$Worker.run(ThreadPoolExecutor.java:642)
at java.base/java.lang.Thread.run(Thread.java:1583)
... Removed 21 stack frames]]>
    </failure>
  </testcase> <!-- login -->
  <testcase classname="TestPackage.login" name="login" time="3.947"/>
  <testcase classname="TestPackage.login" name="login" time="9.213"/>
  <testcase classname="TestPackage.login" name="login" time="3.873"/>
  <testcase classname="TestPackage.login" name="login" time="3.629"/>
</testsuite> <!-- login -->
