<?xml version="1.0" encoding="UTF-8"?>
<!-- Generated by org.testng.reporters.JUnitXMLReporter -->
<testsuite ignored="0" hostname="Koushik" failures="1" tests="6" name="login" time="27.277" errors="0" timestamp="2026-01-28T14:15:44 IST">
  <testcase classname="TestPackage.login" name="login" time="5.106"/>
  <testcase classname="TestPackage.login" name="login" time="2.331">
    <failure type="java.lang.AssertionError" message="expected [https://www.saucedemo.com/inventory.html] but found [https://www.saucedemo.com/]">
      <![CDATA[java.lang.AssertionError: expected [https://www.saucedemo.com/inventory.html] but found [https://www.saucedemo.com/]
at TestPackage.login.login(login.java:24)
at java.base/java.util.ArrayList.forEach(ArrayList.java:1596)
at java.base/java.util.concurrent.FutureTask.run(FutureTask.java:317)
at java.base/java.util.concurrent.ThreadPoolExecutor.runWorker(ThreadPoolExecutor.java:1144)
at java.base/java.util.concurrent.ThreadPoolExecutor$Worker.run(ThreadPoolExecutor.java:642)
at java.base/java.lang.Thread.run(Thread.java:1583)
... Removed 21 stack frames]]>
    </failure>
  </testcase> <!-- login -->
  <testcase classname="TestPackage.login" name="login" time="2.395"/>
  <testcase classname="TestPackage.login" name="login" time="7.815"/>
  <testcase classname="TestPackage.login" name="login" time="2.372"/>
  <testcase classname="TestPackage.login" name="login" time="2.326"/>
</testsuite> <!-- login -->
