<?xml version="1.0" encoding="UTF-8"?>
<!-- Generated by org.testng.reporters.JUnitXMLReporter -->
<testsuite ignored="0" hostname="Koushik" failures="1" tests="1" name="Test" time="18.406" errors="0" timestamp="2026-01-21T11:21:06 IST">
  <testcase classname="TestPackage.greenkartTest" name="checkoutTest" time="16.311">
    <failure type="java.lang.AssertionError" message="expected [true] but found [false]">
      <![CDATA[java.lang.AssertionError: expected [true] but found [false]
at TestPackage.greenkartTest.checkoutTest(greenkartTest.java:21)
at java.base/java.util.ArrayList.forEach(ArrayList.java:1596)
... Removed 29 stack frames]]>
    </failure>
  </testcase> <!-- checkoutTest -->
</testsuite> <!-- Test -->
