<?xml version="1.0" encoding="UTF-8"?>
<!-- Generated by org.testng.reporters.JUnitXMLReporter -->
<testsuite ignored="0" hostname="Koushik" failures="1" tests="6" name="Test" time="23.187" errors="0" timestamp="2026-01-28T14:05:57 IST">
  <testcase classname="TestPackage.login" name="login" time="2.835"/>
  <testcase classname="TestPackage.login" name="login" time="2.299">
    <failure type="java.lang.AssertionError" message="expected [https://www.saucedemo.com/inventory.html] but found [https://www.saucedemo.com/]">
      <![CDATA[java.lang.AssertionError: expected [https://www.saucedemo.com/inventory.html] but found [https://www.saucedemo.com/]
at TestPackage.login.login(login.java:24)
at java.base/java.util.ArrayList.forEach(ArrayList.java:1596)
... Removed 31 stack frames]]>
    </failure>
  </testcase> <!-- login -->
  <testcase classname="TestPackage.login" name="login" time="2.286"/>
  <testcase classname="TestPackage.login" name="login" time="7.32"/>
  <testcase classname="TestPackage.login" name="login" time="2.301"/>
  <testcase classname="TestPackage.login" name="login" time="2.256"/>
</testsuite> <!-- Test -->
