<?xml version="1.0" encoding="UTF-8"?>
<!-- Generated by org.testng.reporters.JUnitXMLReporter -->
<testsuite ignored="0" hostname="Koushik" failures="1" tests="6" name="Test" time="24.576" errors="0" timestamp="2026-02-02T14:42:14 IST">
  <testcase classname="TestPackage.login" name="login" time="2.894"/>
  <testcase classname="TestPackage.login" name="login" time="2.281">
    <failure type="java.lang.AssertionError" message="expected [https://www.saucedemo.com/inventory.html] but found [https://www.saucedemo.com/]">
      <![CDATA[java.lang.AssertionError: expected [https://www.saucedemo.com/inventory.html] but found [https://www.saucedemo.com/]
at TestPackage.login.login(login.java:24)
at java.base/java.util.ArrayList.forEach(ArrayList.java:1596)
... Removed 35 stack frames]]>
    </failure>
  </testcase> <!-- login -->
  <testcase classname="TestPackage.login" name="login" time="2.296"/>
  <testcase classname="TestPackage.login" name="login" time="7.268"/>
  <testcase classname="TestPackage.login" name="login" time="2.243"/>
  <testcase classname="TestPackage.login" name="login" time="2.258"/>
</testsuite> <!-- Test -->
