<?xml version="1.0" encoding="UTF-8"?>
<testng-results ignored="0" total="1" passed="1" failed="0" skipped="0">
  <reporter-output>
  </reporter-output>
  <suite started-at="2026-01-29T13:30:21 IST" name="Suite" finished-at="2026-01-29T13:30:41 IST" duration-ms="19924">
    <groups>
    </groups>
    <test started-at="2026-01-29T13:30:21 IST" name="Test" finished-at="2026-01-29T13:30:41 IST" duration-ms="19924">
      <class name="TestPackage.greenkartTest">
        <test-method is-config="true" signature="launch()[pri:0, instance:TestPackage.greenkartTest@790da477]" started-at="2026-01-29T13:30:21 IST" name="launch" finished-at="2026-01-29T13:30:23 IST" duration-ms="2148" status="PASS">
          <reporter-output>
          </reporter-output>
        </test-method> <!-- launch -->
        <test-method signature="checkoutTest(java.lang.String,java.lang.String,java.lang.String)[pri:0, instance:TestPackage.greenkartTest@790da477]" started-at="2026-01-29T13:30:23 IST" name="checkoutTest" finished-at="2026-01-29T13:30:40 IST" duration-ms="16694" status="PASS">
          <params>
            <param index="0">
              <value>
                <![CDATA[https://rahulshettyacademy.com/seleniumPractise/#/]]>
              </value>
            </param>
            <param index="1">
              <value>
                <![CDATA[discount50%]]>
              </value>
            </param>
            <param index="2">
              <value>
                <![CDATA[Japan]]>
              </value>
            </param>
          </params>
          <reporter-output>
          </reporter-output>
        </test-method> <!-- checkoutTest -->
        <test-method is-config="true" signature="terminate()[pri:0, instance:TestPackage.greenkartTest@790da477]" started-at="2026-01-29T13:30:41 IST" name="terminate" finished-at="2026-01-29T13:30:41 IST" duration-ms="276" status="PASS">
          <reporter-output>
          </reporter-output>
        </test-method> <!-- terminate -->
      </class> <!-- TestPackage.greenkartTest -->
    </test> <!-- Test -->
  </suite> <!-- Suite -->
</testng-results>
