<?xml version="1.0" encoding="UTF-8"?>
<testng-results ignored="0" total="1" passed="1" failed="0" skipped="0">
  <reporter-output>
  </reporter-output>
  <suite started-at="2026-01-15T13:59:35 IST" name="Suite" finished-at="2026-01-15T13:59:54 IST" duration-ms="18305">
    <groups>
    </groups>
    <test started-at="2026-01-15T13:59:35 IST" name="Test" finished-at="2026-01-15T13:59:54 IST" duration-ms="18305">
      <class name="TestPackage.greenkartTest">
        <test-method is-config="true" signature="launch()[pri:0, instance:TestPackage.greenkartTest@5386659f]" started-at="2026-01-15T13:59:35 IST" name="launch" finished-at="2026-01-15T13:59:37 IST" duration-ms="1780" status="PASS">
          <reporter-output>
          </reporter-output>
        </test-method> <!-- launch -->
        <test-method signature="checkoutTest(java.lang.String,java.lang.String,java.lang.String)[pri:0, instance:TestPackage.greenkartTest@5386659f]" started-at="2026-01-15T13:59:37 IST" name="checkoutTest" finished-at="2026-01-15T13:59:54 IST" duration-ms="16473" status="PASS">
          <params>
            <param index="0">
              <value>
                <![CDATA[https://rahulshettyacademy.com/seleniumPractise/#/]]>
              </value>
            </param>
            <param index="1">
              <value>
                <![CDATA[discount50%]]>
              </value>
            </param>
            <param index="2">
              <value>
                <![CDATA[Japan]]>
              </value>
            </param>
          </params>
          <reporter-output>
          </reporter-output>
        </test-method> <!-- checkoutTest -->
      </class> <!-- TestPackage.greenkartTest -->
    </test> <!-- Test -->
  </suite> <!-- Suite -->
</testng-results>
