<?xml version="1.0" encoding="UTF-8"?>
<testng-results ignored="0" total="1" passed="1" failed="0" skipped="0">
  <reporter-output>
  </reporter-output>
  <suite started-at="2026-02-11T10:25:25 IST" name="Suite" finished-at="2026-02-11T10:25:46 IST" duration-ms="21415">
    <groups>
      <group name="cucumber">
        <method signature="AbstractTestNGCucumberTests.runScenario(io.cucumber.testng.PickleWrapper,io.cucumber.testng.FeatureWrapper)[pri:0, instance:greenkartcucumber.testrunner@2ab4bc72]" name="runScenario" class="io.cucumber.testng.AbstractTestNGCucumberTests"/>
      </group> <!-- cucumber -->
    </groups>
    <test started-at="2026-02-11T10:25:25 IST" name="Test" finished-at="2026-02-11T10:25:46 IST" duration-ms="21415">
      <class name="greenkartcucumber.testrunner">
        <test-method is-config="true" signature="setUpClass(org.testng.ITestContext)[pri:0, instance:greenkartcucumber.testrunner@2ab4bc72]" started-at="2026-02-11T10:25:25 IST" name="setUpClass" finished-at="2026-02-11T10:25:26 IST" duration-ms="929" status="PASS">
          <params>
            <param index="0">
              <value>
                <![CDATA[org.testng.TestRunner@1a1ccaaf]]>
              </value>
            </param>
          </params>
          <reporter-output>
          </reporter-output>
        </test-method> <!-- setUpClass -->
        <test-method signature="runScenario(io.cucumber.testng.PickleWrapper,io.cucumber.testng.FeatureWrapper)[pri:0, instance:greenkartcucumber.testrunner@2ab4bc72]" started-at="2026-02-11T10:25:26 IST" name="runScenario" description="Runs Cucumber Scenarios" data-provider="scenarios" finished-at="2026-02-11T10:25:46 IST" duration-ms="20344" status="PASS">
          <params>
            <param index="0">
              <value>
                <![CDATA["To verify end toned to checkout journey."]]>
              </value>
            </param>
            <param index="1">
              <value>
                <![CDATA["vegitable buying end to end."]]>
              </value>
            </param>
          </params>
          <reporter-output>
          </reporter-output>
        </test-method> <!-- runScenario -->
        <test-method is-config="true" signature="tearDownClass()[pri:0, instance:greenkartcucumber.testrunner@2ab4bc72]" started-at="2026-02-11T10:25:46 IST" name="tearDownClass" finished-at="2026-02-11T10:25:46 IST" duration-ms="95" status="PASS">
          <reporter-output>
          </reporter-output>
        </test-method> <!-- tearDownClass -->
      </class> <!-- greenkartcucumber.testrunner -->
    </test> <!-- Test -->
  </suite> <!-- Suite -->
</testng-results>
