<?xml version="1.0" encoding="UTF-8"?>
<!-- Generated by org.testng.reporters.JUnitReportReporter -->
<testsuite hostname="Koushik" failures="1" tests="6" name="logincucumber.testrunnerLogin" time="19.811" errors="0" timestamp="2026-02-11T10:12:03 IST" skipped="0">
  <testcase classname="logincucumber.testrunnerLogin" name="runScenario" time="7.284"/>
  <testcase classname="logincucumber.testrunnerLogin" name="runScenario" time="2.215"/>
  <testcase classname="logincucumber.testrunnerLogin" name="runScenario" time="2.276"/>
  <testcase classname="logincucumber.testrunnerLogin" name="runScenario" time="3.160"/>
  <testcase classname="logincucumber.testrunnerLogin" name="runScenario" time="2.722"/>
  <testcase classname="logincucumber.testrunnerLogin" name="runScenario" time="2.154">
    <failure message="The following asserts failed:
	expected [https://www.saucedemo.com/inventory.html] but found [https://www.saucedemo.com/]" type="java.lang.AssertionError">
      <![CDATA[java.lang.AssertionError: The following asserts failed:
expected [https://www.saucedemo.com/inventory.html] but found [https://www.saucedemo.com/]
at org.testng.asserts.SoftAssert.assertAll(SoftAssert.java:46)
at org.testng.asserts.SoftAssert.assertAll(SoftAssert.java:30)
at logincucumber.loginStepDefination.dashboard(loginStepDefination.java:62)
at ✽.login successfull "https://www.saucedemo.com/inventory.html"(file:///C:/Users/koush/eclipse-workspace/PageObjectModel5/src/test/java/features/login.feature:6)
]]>
    </failure>
  </testcase> <!-- runScenario -->
</testsuite> <!-- logincucumber.testrunnerLogin -->
