<?xml version="1.0" encoding="UTF-8"?>
<!-- Generated by org.testng.reporters.JUnitReportReporter -->
<testsuite hostname="Koushik" failures="1" tests="6" name="logincucumber.testrunnerLogin" time="24.424" errors="0" timestamp="2026-02-11T10:21:46 IST" skipped="0">
  <testcase classname="logincucumber.testrunnerLogin" name="runScenario" time="2.472">
    <failure message="The following asserts failed:
	expected [https://www.saucedemo.com/inventory.html] but found [https://www.saucedemo.com/]" type="java.lang.AssertionError">
      <![CDATA[java.lang.AssertionError: The following asserts failed:
expected [https://www.saucedemo.com/inventory.html] but found [https://www.saucedemo.com/]
at org.testng.asserts.SoftAssert.assertAll(SoftAssert.java:46)
at org.testng.asserts.SoftAssert.assertAll(SoftAssert.java:30)
at logincucumber.loginStepDefination.dashboard(loginStepDefination.java:62)
at ✽.login successfull "https://www.saucedemo.com/inventory.html"(file:///C:/Users/koush/eclipse-workspace/PageObjectModel5/src/test/java/features/login.feature:6)
]]>
    </failure>
  </testcase> <!-- runScenario -->
  <testcase classname="logincucumber.testrunnerLogin" name="runScenario" time="7.050"/>
  <testcase classname="logincucumber.testrunnerLogin" name="runScenario" time="7.488"/>
  <testcase classname="logincucumber.testrunnerLogin" name="runScenario" time="2.525"/>
  <testcase classname="logincucumber.testrunnerLogin" name="runScenario" time="2.372"/>
  <testcase classname="logincucumber.testrunnerLogin" name="runScenario" time="2.517"/>
</testsuite> <!-- logincucumber.testrunnerLogin -->
